<?xml version="1.0" encoding="UTF-8"?>
<testng-results skipped="0" failed="0" ignored="0" total="1" passed="1">
  <reporter-output>
  </reporter-output>
  <suite name="Default suite" duration-ms="7595" started-at="2021-12-10T18:12:47 IST" finished-at="2021-12-10T18:12:55 IST">
    <groups>
    </groups>
    <test name="Default test" duration-ms="7595" started-at="2021-12-10T18:12:47 IST" finished-at="2021-12-10T18:12:55 IST">
      <class name="testScripts.urbanladder">
        <test-method status="PASS" signature="demo()[pri:0, instance:testScripts.urbanladder@33c7e1bb]" name="demo" duration-ms="7536" started-at="2021-12-10T18:12:47 IST" finished-at="2021-12-10T18:12:55 IST">
          <reporter-output>
          </reporter-output>
        </test-method> <!-- demo -->
      </class> <!-- testScripts.urbanladder -->
    </test> <!-- Default test -->
  </suite> <!-- Default suite -->
</testng-results>
