<?xml version="1.0" encoding="UTF-8"?>
<!-- Generated by org.testng.reporters.JUnitXMLReporter -->
<testsuite hostname="840" ignored="0" name="Test1" tests="6" failures="0" timestamp="2021-10-27T12:29:23 IST" time="212.117" errors="0">
  <testcase name="createOrganizationTest" time="21.558" classname="com.crm.vtiger.OpportunityTest.CreateOrganizationTest"/>
  <testcase name="CreateOprWithNegotiationReview" time="33.825" classname="com.crm.vtiger.OpportunityTest.TC_04CreateOprWithNegotiationReviewPOM"/>
  <testcase name="CreateOprWithPerceptionAnalysis" time="29.772" classname="com.crm.vtiger.OpportunityTest.TC_02CreateOprWithPerceptionAnalysisPOM"/>
  <testcase name="CreateOprWithIdDecisionMakers" time="29.759" classname="com.crm.vtiger.OpportunityTest.TC_01CreateOprWithIdDecisionMakersPOM"/>
  <testcase name="CreateOprWithClosedWon" time="37.807" classname="com.crm.vtiger.OpportunityTest.TC_05CreateOprWithClosedWonPOM"/>
  <testcase name="CreateOprWithProposalPriceQuote" time="37.21" classname="com.crm.vtiger.OpportunityTest.TC_03CreateOprWithProposalPriceQuotePOM"/>
</testsuite> <!-- Test1 -->
