<?xml version="1.0" encoding="UTF-8"?>
<!-- Generated by org.testng.reporters.JUnitXMLReporter -->
<testsuite hostname="840" ignored="0" name="Test" tests="6" failures="0" timestamp="2021-10-08T15:00:53 IST" time="131.152" errors="0">
  <testcase name="createOrganizationTest" time="8.211" classname="com.crm.vtiger.OpportunityTest.CreateOrganizationTest"/>
  <testcase name="CreateOprWithNegotiationReview" time="25.897" classname="com.crm.vtiger.OpportunityTest.TC_04CreateOprWithNegotiationReviewPOM"/>
  <testcase name="CreateOprWithPerceptionAnalysis" time="19.928" classname="com.crm.vtiger.OpportunityTest.TC_02CreateOprWithPerceptionAnalysisPOM"/>
  <testcase name="CreateOprWithIdDecisionMakers" time="24.626" classname="com.crm.vtiger.OpportunityTest.TC_01CreateOprWithIdDecisionMakersPOM"/>
  <testcase name="CreateOprWithClosedWon" time="24.722" classname="com.crm.vtiger.OpportunityTest.TC_05CreateOprWithClosedWonPOM"/>
  <testcase name="CreateOprWithProposalPriceQuote" time="19.91" classname="com.crm.vtiger.OpportunityTest.TC_03CreateOprWithProposalPriceQuotePOM"/>
</testsuite> <!-- Test -->
