<?xml version="1.0" encoding="UTF-8"?>
<!-- Generated by org.testng.reporters.JUnitXMLReporter -->
<testsuite hostname="840" ignored="0" name="Test2" tests="6" failures="0" timestamp="2021-10-27T12:29:24 IST" time="212.844" errors="0">
  <testcase name="createOrganizationTest" time="21.428" classname="com.crm.vtiger.OpportunityTest.CreateOrganizationTest"/>
  <testcase name="CreateOprWithNegotiationReview" time="33.709" classname="com.crm.vtiger.OpportunityTest.TC_04CreateOprWithNegotiationReviewPOM"/>
  <testcase name="CreateOprWithPerceptionAnalysis" time="34.332" classname="com.crm.vtiger.OpportunityTest.TC_02CreateOprWithPerceptionAnalysisPOM"/>
  <testcase name="CreateOprWithIdDecisionMakers" time="31.4" classname="com.crm.vtiger.OpportunityTest.TC_01CreateOprWithIdDecisionMakersPOM"/>
  <testcase name="CreateOprWithClosedWon" time="36.822" classname="com.crm.vtiger.OpportunityTest.TC_05CreateOprWithClosedWonPOM"/>
  <testcase name="CreateOprWithProposalPriceQuote" time="32.893" classname="com.crm.vtiger.OpportunityTest.TC_03CreateOprWithProposalPriceQuotePOM"/>
</testsuite> <!-- Test2 -->
